2024-06-14 23:21:14 INFO  TennisGame:89 - Player A : 15 / Player B : 0
2024-06-14 23:21:14 INFO  TennisGame:89 - Player A : 15 / Player B : 15
2024-06-14 23:21:14 INFO  TennisGame:89 - Player A : 30 / Player B : 15
2024-06-14 23:21:14 INFO  TennisGame:89 - Player A : 30 / Player B : 30
2024-06-14 23:21:14 INFO  TennisGame:89 - Player A : 40 / Player B : 30
2024-06-14 23:21:14 INFO  TennisGame:44 - Player A wins the game
2024-06-14 23:21:14 INFO  TennisGame:89 - Player A : 40 / Player B : 30
2024-06-14 23:21:14 ERROR TennisGame:30 - Invalid player input: Z
2024-06-14 23:59:30 INFO  TennisGame:123 - Player A : 15 / Player B : 0
2024-06-14 23:59:30 INFO  TennisGame:123 - Player A : 15 / Player B : 15
2024-06-14 23:59:30 INFO  TennisGame:123 - Player A : 30 / Player B : 15
2024-06-14 23:59:30 INFO  TennisGame:123 - Player A : 30 / Player B : 30
2024-06-14 23:59:30 INFO  TennisGame:123 - Player A : 40 / Player B : 30
2024-06-14 23:59:30 INFO  TennisGame:61 - Player A wins the game
2024-06-14 23:59:30 INFO  TennisGame:123 - Player A : 40 / Player B : 30
2024-06-14 23:59:30 ERROR TennisGame:44 - Invalid player input: Z
2024-06-15 00:02:05 INFO  TennisGame:123 - Player A : 15 / Player B : 0
2024-06-15 00:02:05 INFO  TennisGame:123 - Player A : 15 / Player B : 15
2024-06-15 00:02:05 INFO  TennisGame:123 - Player A : 30 / Player B : 15
2024-06-15 00:02:05 INFO  TennisGame:123 - Player A : 30 / Player B : 30
2024-06-15 00:02:05 INFO  TennisGame:123 - Player A : 40 / Player B : 30
2024-06-15 00:02:05 INFO  TennisGame:61 - Player A wins the game
2024-06-15 00:02:05 INFO  TennisGame:123 - Player A : 40 / Player B : 30
2024-06-15 00:02:05 ERROR TennisGame:44 - Invalid player input: Z
2024-06-15 00:02:15 INFO  TennisGame:123 - Player A : 15 / Player B : 0
2024-06-15 00:02:15 INFO  TennisGame:123 - Player A : 15 / Player B : 15
2024-06-15 00:02:15 INFO  TennisGame:123 - Player A : 30 / Player B : 15
2024-06-15 00:02:15 INFO  TennisGame:123 - Player A : 30 / Player B : 30
2024-06-15 00:02:15 INFO  TennisGame:123 - Player A : 40 / Player B : 30
2024-06-15 00:02:15 INFO  TennisGame:61 - Player A wins the game
2024-06-15 00:02:15 INFO  TennisGame:123 - Player A : 40 / Player B : 30
2024-06-15 00:02:15 ERROR TennisGame:44 - Invalid player input: Z
2024-06-15 00:02:20 INFO  TennisGame:123 - Player A : 15 / Player B : 0
2024-06-15 00:02:20 INFO  TennisGame:123 - Player A : 15 / Player B : 15
2024-06-15 00:02:20 INFO  TennisGame:123 - Player A : 30 / Player B : 15
2024-06-15 00:02:20 INFO  TennisGame:123 - Player A : 30 / Player B : 30
2024-06-15 00:02:20 INFO  TennisGame:123 - Player A : 40 / Player B : 30
2024-06-15 00:02:20 INFO  TennisGame:61 - Player A wins the game
2024-06-15 00:02:20 INFO  TennisGame:123 - Player A : 40 / Player B : 30
2024-06-15 00:02:20 ERROR TennisGame:44 - Invalid player input: Z
2024-06-15 00:17:25 INFO  TennisGame:123 - Player A : 15 / Player B : 0
2024-06-15 00:17:25 INFO  TennisGame:123 - Player A : 30 / Player B : 0
2024-06-15 00:17:25 INFO  TennisGame:123 - Player A : 40 / Player B : 0
2024-06-15 00:17:25 INFO  TennisGame:61 - Player A wins the game
2024-06-15 00:17:25 INFO  TennisGame:123 - Player A : 40 / Player B : 0
2024-06-15 00:17:25 ERROR TennisGame:44 - Invalid player input: C
2024-06-15 00:17:25 INFO  TennisGame:123 - Player A : 15 / Player B : 0
2024-06-15 00:17:25 INFO  TennisGame:123 - Player A : 15 / Player B : 15
2024-06-15 00:17:25 INFO  TennisGame:123 - Player A : 30 / Player B : 15
2024-06-15 00:17:25 INFO  TennisGame:123 - Player A : 30 / Player B : 30
2024-06-15 00:17:25 INFO  TennisGame:123 - Player A : 40 / Player B : 30
2024-06-15 00:17:25 INFO  TennisGame:120 - Player A : 40 / Player B : 40 (Deuce)
2024-06-15 00:17:25 INFO  TennisGame:116 - Player A : ADV / Player B : 40
2024-06-15 00:17:25 INFO  TennisGame:54 - Player A wins the game
2024-06-15 00:17:25 INFO  TennisGame:116 - Player A : ADV / Player B : 40
2024-06-15 00:17:25 INFO  TennisGame:123 - Player A : 15 / Player B : 0
2024-06-15 00:17:25 INFO  TennisGame:123 - Player A : 15 / Player B : 15
2024-06-15 00:17:25 INFO  TennisGame:123 - Player A : 30 / Player B : 15
2024-06-15 00:17:25 INFO  TennisGame:123 - Player A : 30 / Player B : 30
2024-06-15 00:17:25 INFO  TennisGame:123 - Player A : 40 / Player B : 30
2024-06-15 00:17:25 INFO  TennisGame:120 - Player A : 40 / Player B : 40 (Deuce)
2024-06-15 00:17:25 INFO  TennisGame:118 - Player A : 40 / Player B : ADV
2024-06-15 00:17:25 INFO  TennisGame:73 - Player B wins the game
2024-06-15 00:17:25 INFO  TennisGame:118 - Player A : 40 / Player B : ADV
2024-06-15 00:17:25 INFO  TennisGame:123 - Player A : 0 / Player B : 15
2024-06-15 00:17:25 INFO  TennisGame:123 - Player A : 0 / Player B : 30
2024-06-15 00:17:25 INFO  TennisGame:123 - Player A : 0 / Player B : 40
2024-06-15 00:17:25 INFO  TennisGame:80 - Player B wins the game
2024-06-15 00:17:25 INFO  TennisGame:123 - Player A : 0 / Player B : 40
2024-06-15 00:19:43 INFO  TennisGame:123 - Player A : 15 / Player B : 0
2024-06-15 00:19:43 INFO  TennisGame:123 - Player A : 30 / Player B : 0
2024-06-15 00:19:43 INFO  TennisGame:123 - Player A : 40 / Player B : 0
2024-06-15 00:19:43 INFO  TennisGame:61 - Player A wins the game
2024-06-15 00:19:43 INFO  TennisGame:123 - Player A : 40 / Player B : 0
2024-06-15 00:19:43 ERROR TennisGame:44 - Invalid player input: C
2024-06-15 00:19:43 INFO  TennisGame:123 - Player A : 15 / Player B : 0
2024-06-15 00:19:43 INFO  TennisGame:123 - Player A : 15 / Player B : 15
2024-06-15 00:19:43 INFO  TennisGame:123 - Player A : 30 / Player B : 15
2024-06-15 00:19:43 INFO  TennisGame:123 - Player A : 30 / Player B : 30
2024-06-15 00:19:43 INFO  TennisGame:123 - Player A : 40 / Player B : 30
2024-06-15 00:19:43 INFO  TennisGame:120 - Player A : 40 / Player B : 40 (Deuce)
2024-06-15 00:19:43 INFO  TennisGame:116 - Player A : ADV / Player B : 40
2024-06-15 00:19:43 INFO  TennisGame:54 - Player A wins the game
2024-06-15 00:19:43 INFO  TennisGame:116 - Player A : ADV / Player B : 40
2024-06-15 00:19:43 INFO  TennisGame:123 - Player A : 15 / Player B : 0
2024-06-15 00:19:43 INFO  TennisGame:123 - Player A : 15 / Player B : 15
2024-06-15 00:19:43 INFO  TennisGame:123 - Player A : 30 / Player B : 15
2024-06-15 00:19:43 INFO  TennisGame:123 - Player A : 30 / Player B : 30
2024-06-15 00:19:43 INFO  TennisGame:123 - Player A : 40 / Player B : 30
2024-06-15 00:19:43 INFO  TennisGame:120 - Player A : 40 / Player B : 40 (Deuce)
2024-06-15 00:19:43 INFO  TennisGame:118 - Player A : 40 / Player B : ADV
2024-06-15 00:19:43 INFO  TennisGame:73 - Player B wins the game
2024-06-15 00:19:43 INFO  TennisGame:118 - Player A : 40 / Player B : ADV
2024-06-15 00:19:43 INFO  TennisGame:123 - Player A : 0 / Player B : 15
2024-06-15 00:19:43 INFO  TennisGame:123 - Player A : 0 / Player B : 30
2024-06-15 00:19:43 INFO  TennisGame:123 - Player A : 0 / Player B : 40
2024-06-15 00:19:43 INFO  TennisGame:80 - Player B wins the game
2024-06-15 00:19:43 INFO  TennisGame:123 - Player A : 0 / Player B : 40
2024-06-15 00:26:42 INFO  TennisGame:123 - Player A : 15 / Player B : 0
2024-06-15 00:26:42 INFO  TennisGame:123 - Player A : 30 / Player B : 0
2024-06-15 00:26:42 INFO  TennisGame:123 - Player A : 40 / Player B : 0
2024-06-15 00:26:42 INFO  TennisGame:61 - Player A wins the game
2024-06-15 00:26:42 INFO  TennisGame:123 - Player A : 40 / Player B : 0
2024-06-15 00:26:42 ERROR TennisGame:44 - Invalid player input: C
2024-06-15 00:26:42 INFO  TennisGame:123 - Player A : 15 / Player B : 0
2024-06-15 00:26:42 INFO  TennisGame:123 - Player A : 15 / Player B : 15
2024-06-15 00:26:42 INFO  TennisGame:123 - Player A : 30 / Player B : 15
2024-06-15 00:26:42 INFO  TennisGame:123 - Player A : 30 / Player B : 30
2024-06-15 00:26:42 INFO  TennisGame:123 - Player A : 40 / Player B : 30
2024-06-15 00:26:42 INFO  TennisGame:120 - Player A : 40 / Player B : 40 (Deuce)
2024-06-15 00:26:42 INFO  TennisGame:116 - Player A : ADV / Player B : 40
2024-06-15 00:26:42 INFO  TennisGame:54 - Player A wins the game
2024-06-15 00:26:42 INFO  TennisGame:116 - Player A : ADV / Player B : 40
2024-06-15 00:26:42 INFO  TennisGame:123 - Player A : 15 / Player B : 0
2024-06-15 00:26:42 INFO  TennisGame:123 - Player A : 15 / Player B : 15
2024-06-15 00:26:42 INFO  TennisGame:123 - Player A : 30 / Player B : 15
2024-06-15 00:26:42 INFO  TennisGame:123 - Player A : 30 / Player B : 30
2024-06-15 00:26:42 INFO  TennisGame:123 - Player A : 40 / Player B : 30
2024-06-15 00:26:42 INFO  TennisGame:120 - Player A : 40 / Player B : 40 (Deuce)
2024-06-15 00:26:42 INFO  TennisGame:118 - Player A : 40 / Player B : ADV
2024-06-15 00:26:42 INFO  TennisGame:73 - Player B wins the game
2024-06-15 00:26:42 INFO  TennisGame:118 - Player A : 40 / Player B : ADV
2024-06-15 00:26:42 INFO  TennisGame:123 - Player A : 0 / Player B : 15
2024-06-15 00:26:42 INFO  TennisGame:123 - Player A : 0 / Player B : 30
2024-06-15 00:26:42 INFO  TennisGame:123 - Player A : 0 / Player B : 40
2024-06-15 00:26:42 INFO  TennisGame:80 - Player B wins the game
2024-06-15 00:26:42 INFO  TennisGame:123 - Player A : 0 / Player B : 40
2024-06-15 00:26:46 INFO  TennisGame:123 - Player A : 15 / Player B : 0
2024-06-15 00:26:46 INFO  TennisGame:123 - Player A : 30 / Player B : 0
2024-06-15 00:26:46 INFO  TennisGame:123 - Player A : 40 / Player B : 0
2024-06-15 00:26:46 INFO  TennisGame:61 - Player A wins the game
2024-06-15 00:26:46 INFO  TennisGame:123 - Player A : 40 / Player B : 0
2024-06-15 00:26:46 ERROR TennisGame:44 - Invalid player input: C
2024-06-15 00:26:46 INFO  TennisGame:123 - Player A : 15 / Player B : 0
2024-06-15 00:26:46 INFO  TennisGame:123 - Player A : 15 / Player B : 15
2024-06-15 00:26:46 INFO  TennisGame:123 - Player A : 30 / Player B : 15
2024-06-15 00:26:46 INFO  TennisGame:123 - Player A : 30 / Player B : 30
2024-06-15 00:26:46 INFO  TennisGame:123 - Player A : 40 / Player B : 30
2024-06-15 00:26:46 INFO  TennisGame:120 - Player A : 40 / Player B : 40 (Deuce)
2024-06-15 00:26:46 INFO  TennisGame:116 - Player A : ADV / Player B : 40
2024-06-15 00:26:46 INFO  TennisGame:54 - Player A wins the game
2024-06-15 00:26:46 INFO  TennisGame:116 - Player A : ADV / Player B : 40
2024-06-15 00:26:46 INFO  TennisGame:123 - Player A : 15 / Player B : 0
2024-06-15 00:26:46 INFO  TennisGame:123 - Player A : 15 / Player B : 15
2024-06-15 00:26:46 INFO  TennisGame:123 - Player A : 30 / Player B : 15
2024-06-15 00:26:46 INFO  TennisGame:123 - Player A : 30 / Player B : 30
2024-06-15 00:26:46 INFO  TennisGame:123 - Player A : 40 / Player B : 30
2024-06-15 00:26:46 INFO  TennisGame:120 - Player A : 40 / Player B : 40 (Deuce)
2024-06-15 00:26:46 INFO  TennisGame:118 - Player A : 40 / Player B : ADV
2024-06-15 00:26:46 INFO  TennisGame:73 - Player B wins the game
2024-06-15 00:26:46 INFO  TennisGame:118 - Player A : 40 / Player B : ADV
2024-06-15 00:26:46 INFO  TennisGame:123 - Player A : 0 / Player B : 15
2024-06-15 00:26:46 INFO  TennisGame:123 - Player A : 0 / Player B : 30
2024-06-15 00:26:46 INFO  TennisGame:123 - Player A : 0 / Player B : 40
2024-06-15 00:26:46 INFO  TennisGame:80 - Player B wins the game
2024-06-15 00:26:46 INFO  TennisGame:123 - Player A : 0 / Player B : 40
2024-06-15 00:28:06 INFO  TennisGame:123 - Player A : 15 / Player B : 0
2024-06-15 00:28:06 INFO  TennisGame:123 - Player A : 30 / Player B : 0
2024-06-15 00:28:06 INFO  TennisGame:123 - Player A : 40 / Player B : 0
2024-06-15 00:28:06 INFO  TennisGame:61 - Player A wins the game
2024-06-15 00:28:06 INFO  TennisGame:123 - Player A : 40 / Player B : 0
2024-06-15 00:28:06 ERROR TennisGame:44 - Invalid player input: C
2024-06-15 00:28:06 INFO  TennisGame:123 - Player A : 15 / Player B : 0
2024-06-15 00:28:06 INFO  TennisGame:123 - Player A : 15 / Player B : 15
2024-06-15 00:28:06 INFO  TennisGame:123 - Player A : 30 / Player B : 15
2024-06-15 00:28:06 INFO  TennisGame:123 - Player A : 30 / Player B : 30
2024-06-15 00:28:06 INFO  TennisGame:123 - Player A : 40 / Player B : 30
2024-06-15 00:28:06 INFO  TennisGame:120 - Player A : 40 / Player B : 40 (Deuce)
2024-06-15 00:28:06 INFO  TennisGame:116 - Player A : ADV / Player B : 40
2024-06-15 00:28:06 INFO  TennisGame:54 - Player A wins the game
2024-06-15 00:28:06 INFO  TennisGame:116 - Player A : ADV / Player B : 40
2024-06-15 00:28:06 INFO  TennisGame:123 - Player A : 15 / Player B : 0
2024-06-15 00:28:06 INFO  TennisGame:123 - Player A : 15 / Player B : 15
2024-06-15 00:28:06 INFO  TennisGame:123 - Player A : 30 / Player B : 15
2024-06-15 00:28:06 INFO  TennisGame:123 - Player A : 30 / Player B : 30
2024-06-15 00:28:06 INFO  TennisGame:123 - Player A : 40 / Player B : 30
2024-06-15 00:28:06 INFO  TennisGame:120 - Player A : 40 / Player B : 40 (Deuce)
2024-06-15 00:28:06 INFO  TennisGame:118 - Player A : 40 / Player B : ADV
2024-06-15 00:28:06 INFO  TennisGame:73 - Player B wins the game
2024-06-15 00:28:06 INFO  TennisGame:118 - Player A : 40 / Player B : ADV
2024-06-15 00:28:06 INFO  TennisGame:123 - Player A : 0 / Player B : 15
2024-06-15 00:28:06 INFO  TennisGame:123 - Player A : 0 / Player B : 30
2024-06-15 00:28:06 INFO  TennisGame:123 - Player A : 0 / Player B : 40
2024-06-15 00:28:06 INFO  TennisGame:80 - Player B wins the game
2024-06-15 00:28:06 INFO  TennisGame:123 - Player A : 0 / Player B : 40
2024-06-15 00:31:26 INFO  TennisGame:123 - Player A : 15 / Player B : 0
2024-06-15 00:31:26 INFO  TennisGame:123 - Player A : 30 / Player B : 0
2024-06-15 00:31:26 INFO  TennisGame:123 - Player A : 40 / Player B : 0
2024-06-15 00:31:26 INFO  TennisGame:61 - Player A wins the game
2024-06-15 00:31:26 INFO  TennisGame:123 - Player A : 40 / Player B : 0
2024-06-15 00:31:26 ERROR TennisGame:44 - Invalid player input: C
2024-06-15 00:31:26 INFO  TennisGame:123 - Player A : 15 / Player B : 0
2024-06-15 00:31:26 INFO  TennisGame:123 - Player A : 15 / Player B : 15
2024-06-15 00:31:26 INFO  TennisGame:123 - Player A : 30 / Player B : 15
2024-06-15 00:31:26 INFO  TennisGame:123 - Player A : 30 / Player B : 30
2024-06-15 00:31:26 INFO  TennisGame:123 - Player A : 40 / Player B : 30
2024-06-15 00:31:26 INFO  TennisGame:120 - Player A : 40 / Player B : 40 (Deuce)
2024-06-15 00:31:26 INFO  TennisGame:116 - Player A : ADV / Player B : 40
2024-06-15 00:31:26 INFO  TennisGame:54 - Player A wins the game
2024-06-15 00:31:26 INFO  TennisGame:116 - Player A : ADV / Player B : 40
2024-06-15 00:31:26 INFO  TennisGame:123 - Player A : 15 / Player B : 0
2024-06-15 00:31:26 INFO  TennisGame:123 - Player A : 15 / Player B : 15
2024-06-15 00:31:26 INFO  TennisGame:123 - Player A : 30 / Player B : 15
2024-06-15 00:31:26 INFO  TennisGame:123 - Player A : 30 / Player B : 30
2024-06-15 00:31:26 INFO  TennisGame:123 - Player A : 40 / Player B : 30
2024-06-15 00:31:26 INFO  TennisGame:120 - Player A : 40 / Player B : 40 (Deuce)
2024-06-15 00:31:26 INFO  TennisGame:118 - Player A : 40 / Player B : ADV
2024-06-15 00:31:26 INFO  TennisGame:73 - Player B wins the game
2024-06-15 00:31:26 INFO  TennisGame:118 - Player A : 40 / Player B : ADV
2024-06-15 00:31:26 INFO  TennisGame:123 - Player A : 0 / Player B : 15
2024-06-15 00:31:26 INFO  TennisGame:123 - Player A : 0 / Player B : 30
2024-06-15 00:31:26 INFO  TennisGame:123 - Player A : 0 / Player B : 40
2024-06-15 00:31:26 INFO  TennisGame:80 - Player B wins the game
2024-06-15 00:31:26 INFO  TennisGame:123 - Player A : 0 / Player B : 40
2024-06-15 00:43:18 INFO  TennisGame:123 - Player A : 15 / Player B : 0
2024-06-15 00:43:18 INFO  TennisGame:123 - Player A : 30 / Player B : 0
2024-06-15 00:43:18 INFO  TennisGame:123 - Player A : 40 / Player B : 0
2024-06-15 00:43:18 INFO  TennisGame:61 - Player A wins the game
2024-06-15 00:43:18 INFO  TennisGame:123 - Player A : 40 / Player B : 0
2024-06-15 00:43:18 ERROR TennisGame:44 - Invalid player input: C
2024-06-15 00:43:18 INFO  TennisGame:123 - Player A : 15 / Player B : 0
2024-06-15 00:43:18 INFO  TennisGame:123 - Player A : 15 / Player B : 15
2024-06-15 00:43:18 INFO  TennisGame:123 - Player A : 30 / Player B : 15
2024-06-15 00:43:18 INFO  TennisGame:123 - Player A : 30 / Player B : 30
2024-06-15 00:43:18 INFO  TennisGame:123 - Player A : 40 / Player B : 30
2024-06-15 00:43:18 INFO  TennisGame:120 - Player A : 40 / Player B : 40 (Deuce)
2024-06-15 00:43:18 INFO  TennisGame:116 - Player A : ADV / Player B : 40
2024-06-15 00:43:18 INFO  TennisGame:54 - Player A wins the game
2024-06-15 00:43:18 INFO  TennisGame:116 - Player A : ADV / Player B : 40
2024-06-15 00:43:18 INFO  TennisGame:123 - Player A : 15 / Player B : 0
2024-06-15 00:43:18 INFO  TennisGame:123 - Player A : 15 / Player B : 15
2024-06-15 00:43:18 INFO  TennisGame:123 - Player A : 30 / Player B : 15
2024-06-15 00:43:18 INFO  TennisGame:123 - Player A : 30 / Player B : 30
2024-06-15 00:43:18 INFO  TennisGame:123 - Player A : 40 / Player B : 30
2024-06-15 00:43:18 INFO  TennisGame:120 - Player A : 40 / Player B : 40 (Deuce)
2024-06-15 00:43:18 INFO  TennisGame:118 - Player A : 40 / Player B : ADV
2024-06-15 00:43:18 INFO  TennisGame:73 - Player B wins the game
2024-06-15 00:43:18 INFO  TennisGame:118 - Player A : 40 / Player B : ADV
2024-06-15 00:43:18 INFO  TennisGame:123 - Player A : 0 / Player B : 15
2024-06-15 00:43:18 INFO  TennisGame:123 - Player A : 0 / Player B : 30
2024-06-15 00:43:18 INFO  TennisGame:123 - Player A : 0 / Player B : 40
2024-06-15 00:43:18 INFO  TennisGame:80 - Player B wins the game
2024-06-15 00:43:18 INFO  TennisGame:123 - Player A : 0 / Player B : 40
2024-06-15 01:01:17 ERROR TennisGame:44 - Invalid player input: C
2024-06-15 01:01:17 INFO  TennisGame:123 - Player A : 15 / Player B : 0
2024-06-15 01:01:17 INFO  TennisGame:123 - Player A : 30 / Player B : 0
2024-06-15 01:01:17 INFO  TennisGame:123 - Player A : 40 / Player B : 0
2024-06-15 01:01:17 INFO  TennisGame:123 - Player A : 40 / Player B : 15
2024-06-15 01:01:17 INFO  TennisGame:123 - Player A : 40 / Player B : 30
2024-06-15 01:01:17 INFO  TennisGame:120 - Player A : 40 / Player B : 40 (Deuce)
2024-06-15 01:01:17 INFO  TennisGame:116 - Player A : ADV / Player B : 40
2024-06-15 01:01:17 INFO  TennisGame:123 - Player A : 15 / Player B : 0
2024-06-15 01:01:17 INFO  TennisGame:123 - Player A : 30 / Player B : 0
2024-06-15 01:01:17 INFO  TennisGame:123 - Player A : 40 / Player B : 0
2024-06-15 01:01:17 INFO  TennisGame:61 - Player A wins the game
2024-06-15 01:01:17 INFO  TennisGame:123 - Player A : 40 / Player B : 0
2024-06-15 01:01:17 INFO  TennisGame:123 - Player A : 0 / Player B : 15
2024-06-15 01:01:17 INFO  TennisGame:123 - Player A : 0 / Player B : 30
2024-06-15 01:01:17 INFO  TennisGame:123 - Player A : 0 / Player B : 40
2024-06-15 01:01:17 INFO  TennisGame:80 - Player B wins the game
2024-06-15 01:01:17 INFO  TennisGame:123 - Player A : 0 / Player B : 40
2024-06-15 01:01:17 INFO  TennisGame:123 - Player A : 15 / Player B : 0
2024-06-15 01:01:17 INFO  TennisGame:123 - Player A : 15 / Player B : 15
2024-06-15 01:01:17 INFO  TennisGame:123 - Player A : 15 / Player B : 0
2024-06-15 01:01:17 INFO  TennisGame:123 - Player A : 30 / Player B : 0
2024-06-15 01:01:17 INFO  TennisGame:123 - Player A : 30 / Player B : 15
2024-06-15 01:01:17 INFO  TennisGame:123 - Player A : 30 / Player B : 30
2024-06-15 01:01:17 INFO  TennisGame:123 - Player A : 15 / Player B : 0
2024-06-15 01:01:17 INFO  TennisGame:123 - Player A : 30 / Player B : 0
2024-06-15 01:01:17 INFO  TennisGame:123 - Player A : 40 / Player B : 0
2024-06-15 01:01:17 INFO  TennisGame:123 - Player A : 40 / Player B : 15
2024-06-15 01:01:17 INFO  TennisGame:123 - Player A : 40 / Player B : 30
2024-06-15 01:01:17 INFO  TennisGame:120 - Player A : 40 / Player B : 40 (Deuce)
2024-06-15 01:01:17 INFO  TennisGame:116 - Player A : ADV / Player B : 40
2024-06-15 01:01:17 INFO  TennisGame:54 - Player A wins the game
2024-06-15 01:01:17 INFO  TennisGame:116 - Player A : ADV / Player B : 40
2024-06-15 01:02:13 INFO  TennisGame:123 - Player A : 15 / Player B : 0
2024-06-15 01:02:13 INFO  TennisGame:123 - Player A : 15 / Player B : 15
2024-06-15 01:17:17 DEBUG TennisGame:128 - Player A : 15 / Player B : 0
2024-06-15 01:17:17 DEBUG TennisGame:128 - Player A : 15 / Player B : 15
2024-06-15 01:17:17 DEBUG TennisGame:128 - Player A : 30 / Player B : 15
2024-06-15 01:17:17 DEBUG TennisGame:128 - Player A : 30 / Player B : 30
2024-06-15 01:17:17 DEBUG TennisGame:128 - Player A : 40 / Player B : 30
2024-06-15 01:17:17 INFO  TennisGame:62 - Player A wins the game
2024-06-15 01:17:17 DEBUG TennisGame:128 - Player A : 40 / Player B : 30
2024-06-15 01:17:17 ERROR TennisGame:44 - Invalid player input: Z
2024-06-15 01:17:36 INFO  TennisGame:62 - Player A wins the game
2024-06-15 01:17:37 ERROR TennisGame:44 - Invalid player input: Z
2024-06-15 01:19:54 INFO  TennisGame:62 - Player A wins the game
2024-06-15 01:19:54 ERROR TennisGame:44 - Invalid player input: Z
2024-06-15 01:19:58 INFO  TennisGame:62 - Player A wins the game
2024-06-15 01:19:58 ERROR TennisGame:44 - Invalid player input: Z
2024-06-15 01:20:32 INFO  TennisGame:128 - Player A : 15 / Player B : 0
2024-06-15 01:20:32 INFO  TennisGame:128 - Player A : 15 / Player B : 15
2024-06-15 01:20:32 INFO  TennisGame:128 - Player A : 30 / Player B : 15
2024-06-15 01:20:32 INFO  TennisGame:128 - Player A : 30 / Player B : 30
2024-06-15 01:20:32 INFO  TennisGame:128 - Player A : 40 / Player B : 30
2024-06-15 01:20:32 INFO  TennisGame:62 - Player A wins the game
2024-06-15 01:20:32 INFO  TennisGame:128 - Player A : 40 / Player B : 30
2024-06-15 01:20:32 ERROR TennisGame:44 - Invalid player input: Z
2024-06-15 01:22:22 INFO  TennisGame:128 - Player A : 15 / Player B : 0
2024-06-15 01:22:47 INFO  TennisGame:128 - Player A : 15 / Player B : 0
2024-06-15 01:22:47 INFO  TennisGame:128 - Player A : 15 / Player B : 15
2024-06-15 01:24:15 INFO  TennisGame:128 - Player A : 15 / Player B : 0
2024-06-15 01:24:15 INFO  TennisGame:128 - Player A : 30 / Player B : 0
2024-06-15 01:24:15 INFO  TennisGame:128 - Player A : 30 / Player B : 15
2024-06-15 01:24:15 INFO  TennisGame:128 - Player A : 30 / Player B : 30
2024-06-15 01:24:21 INFO  TennisGame:128 - Player A : 15 / Player B : 0
2024-06-15 01:24:21 INFO  TennisGame:128 - Player A : 30 / Player B : 0
2024-06-15 01:24:21 INFO  TennisGame:128 - Player A : 30 / Player B : 15
2024-06-15 01:24:21 INFO  TennisGame:128 - Player A : 30 / Player B : 30
2024-06-15 01:24:58 INFO  TennisGame:128 - Player A : 15 / Player B : 0
2024-06-15 01:24:58 INFO  TennisGame:128 - Player A : 30 / Player B : 0
2024-06-15 01:24:58 INFO  TennisGame:128 - Player A : 30 / Player B : 15
2024-06-15 01:24:58 INFO  TennisGame:128 - Player A : 30 / Player B : 30
2024-06-15 01:25:04 INFO  TennisGame:128 - Player A : 15 / Player B : 0
2024-06-15 01:25:04 INFO  TennisGame:128 - Player A : 30 / Player B : 0
2024-06-15 01:25:04 INFO  TennisGame:128 - Player A : 40 / Player B : 0
2024-06-15 01:25:04 INFO  TennisGame:62 - Player A wins the game
2024-06-15 01:25:04 INFO  TennisGame:128 - Player A : 40 / Player B : 0
2024-06-15 01:26:03 INFO  TennisGame:128 - Player A : 15 / Player B : 0
2024-06-15 01:26:03 INFO  TennisGame:128 - Player A : 30 / Player B : 0
2024-06-15 01:26:03 INFO  TennisGame:128 - Player A : 40 / Player B : 0
2024-06-15 01:26:03 INFO  TennisGame:62 - Player A wins the game
2024-06-15 01:26:03 INFO  TennisGame:128 - Player A : 40 / Player B : 0
2024-06-15 01:27:52 INFO  TennisGame:128 - Player A : 15 / Player B : 0
2024-06-15 01:27:52 INFO  TennisGame:128 - Player A : 30 / Player B : 0
2024-06-15 01:27:52 INFO  TennisGame:128 - Player A : 40 / Player B : 0
2024-06-15 01:27:52 INFO  TennisGame:62 - Player A wins the game
2024-06-15 01:27:52 INFO  TennisGame:128 - Player A : 40 / Player B : 0
2024-06-15 01:27:52 INFO  TennisGame:62 - Player A wins the game
2024-06-15 01:27:52 INFO  TennisGame:128 - Player A : 40 / Player B : 0
2024-06-15 01:29:17 INFO  TennisGame:128 - Player A : 15 / Player B : 0
2024-06-15 01:29:17 INFO  TennisGame:128 - Player A : 30 / Player B : 0
2024-06-15 01:29:17 INFO  TennisGame:128 - Player A : 40 / Player B : 0
2024-06-15 01:29:17 INFO  TennisGame:62 - Player A wins the game
2024-06-15 01:29:17 INFO  TennisGame:128 - Player A : 40 / Player B : 0
2024-06-15 01:54:53 INFO  TennisGame:128 - Player A : 15 / Player B : 0
2024-06-15 01:54:53 INFO  TennisGame:128 - Player A : 30 / Player B : 0
2024-06-15 01:54:53 INFO  TennisGame:128 - Player A : 30 / Player B : 15
2024-06-15 01:54:53 INFO  TennisGame:128 - Player A : 30 / Player B : 30
2024-06-15 01:55:00 INFO  TennisGame:128 - Player A : 15 / Player B : 0
2024-06-15 01:55:00 INFO  TennisGame:128 - Player A : 30 / Player B : 0
2024-06-15 01:55:00 INFO  TennisGame:128 - Player A : 40 / Player B : 0
2024-06-15 01:55:00 INFO  TennisGame:62 - Player A wins the game
2024-06-15 01:55:00 INFO  TennisGame:128 - Player A : 40 / Player B : 0
2024-06-15 01:55:33 INFO  TennisGame:128 - Player A : 15 / Player B : 0
2024-06-15 01:55:33 INFO  TennisGame:128 - Player A : 30 / Player B : 0
2024-06-15 01:55:33 INFO  TennisGame:128 - Player A : 40 / Player B : 0
2024-06-15 01:55:33 INFO  TennisGame:62 - Player A wins the game
2024-06-15 01:55:33 INFO  TennisGame:128 - Player A : 40 / Player B : 0
2024-06-15 02:10:13 INFO  TennisGame:68 - Player A wins the game
2024-06-15 02:12:00 INFO  TennisGame:68 - Player A wins the game
2024-06-15 02:12:44 INFO  TennisGame:68 - Player A wins the game
2024-06-15 02:19:14 INFO  TennisGame:68 - Player A wins the game
2024-06-15 02:23:49 INFO  TennisGame:68 - Player A wins the game
2024-06-15 02:25:18 INFO  TennisGame:68 - Player A wins the game
2024-06-15 02:25:50 INFO  TennisGame:68 - Player A wins the game
2024-06-15 02:25:50 INFO  TennisGame:68 - Player A wins the game
2024-06-15 02:27:37 INFO  TennisGame:68 - Player A wins the game
2024-06-15 02:27:37 INFO  TennisGame:68 - Player A wins the game
2024-06-15 02:28:29 INFO  TennisGame:68 - Player A wins the game
2024-06-15 02:28:29 INFO  TennisGame:68 - Player A wins the game
